<?xml version="1.0" encoding="UTF-8"?>
<!-- Generated by org.testng.reporters.JUnitXMLReporter -->
<testsuite ignored="0" hostname="WS-RSU" failures="0" tests="12" name="DSP Portal Test" time="149.333" errors="0" timestamp="2025-07-01T15:38:31 WIB">
  <testcase classname="tests.dspPortal.dspPortalTest" name="normalFdmPage" time="4.591"/>
  <testcase classname="tests.dspPortal.dspPortalTest" name="normalLayananPage" time="1.464"/>
  <testcase classname="tests.dspPortal.dspPortalTest" name="normalSettlement" time="0.713"/>
  <testcase classname="tests.dspPortal.dspPortalTest" name="normalUsaha" time="15.098"/>
  <testcase classname="tests.dspPortal.dspPortalTest" name="assertDetailAfterBuatMOS" time="5.519"/>
  <testcase classname="tests.dspPortal.dspPortalTest" name="assertEditPage" time="10.532"/>
  <testcase classname="tests.dspPortal.dspPortalTest" name="assertScoringPageDataAndOption" time="39.054"/>
  <testcase classname="tests.dspPortal.dspPortalTest" name="normalScoring" time="13.014"/>
  <testcase classname="tests.dspPortal.dspPortalTest" name="normalLoginDeptHead" time="0.198"/>
  <testcase classname="tests.dspPortal.dspPortalTest" name="normalApproving" time="24.326"/>
  <testcase classname="tests.dspPortal.dspPortalTest" name="assertDetailAfterApproval" time="3.526"/>
  <testcase classname="tests.dspPortal.dspPortalTest" name="checkingCMS" time="10.761"/>
</testsuite> <!-- DSP Portal Test -->
