<?xml version="1.0" encoding="UTF-8"?>
<testng-results ignored="0" total="12" passed="12" failed="0" skipped="0">
  <reporter-output>
  </reporter-output>
  <suite started-at="2025-07-01T15:36:02 WIB" name="Web Testing" finished-at="2025-07-01T15:38:31 WIB" duration-ms="149333">
    <groups>
    </groups>
    <test started-at="2025-07-01T15:36:02 WIB" name="DSP Portal Test" finished-at="2025-07-01T15:38:31 WIB" duration-ms="149333">
      <class name="tests.dspPortal.dspPortalTest">
        <test-method is-config="true" signature="setEnvironment(java.lang.String)[pri:0, instance:tests.dspPortal.dspPortalTest@3ad83a66]" started-at="2025-07-01T15:36:02 WIB" name="setEnvironment" finished-at="2025-07-01T15:36:22 WIB" duration-ms="20391" status="PASS">
          <params>
            <param index="0">
              <value>
                <![CDATA[test-data/dspPortal/testDataFDM.json]]>
              </value>
            </param>
          </params>
          <reporter-output>
          </reporter-output>
        </test-method> <!-- setEnvironment -->
        <test-method is-config="true" signature="setStatus(java.lang.reflect.Method)[pri:0, instance:tests.dspPortal.dspPortalTest@3ad83a66]" started-at="2025-07-01T15:36:22 WIB" name="setStatus" finished-at="2025-07-01T15:36:22 WIB" duration-ms="2" status="PASS">
          <params>
            <param index="0">
              <value>
                <![CDATA[public void tests.dspPortal.dspPortalTest.normalFdmPage()]]>
              </value>
            </param>
          </params>
          <reporter-output>
          </reporter-output>
        </test-method> <!-- setStatus -->
        <test-method signature="normalFdmPage()[pri:1, instance:tests.dspPortal.dspPortalTest@3ad83a66]" started-at="2025-07-01T15:36:22 WIB" name="normalFdmPage" finished-at="2025-07-01T15:36:27 WIB" duration-ms="4591" status="PASS">
          <reporter-output>
          </reporter-output>
        </test-method> <!-- normalFdmPage -->
        <test-method is-config="true" signature="setStatus(java.lang.reflect.Method)[pri:0, instance:tests.dspPortal.dspPortalTest@3ad83a66]" started-at="2025-07-01T15:36:27 WIB" name="setStatus" finished-at="2025-07-01T15:36:27 WIB" duration-ms="3" status="PASS">
          <params>
            <param index="0">
              <value>
                <![CDATA[public void tests.dspPortal.dspPortalTest.normalLayananPage()]]>
              </value>
            </param>
          </params>
          <reporter-output>
          </reporter-output>
        </test-method> <!-- setStatus -->
        <test-method signature="normalLayananPage()[pri:3, instance:tests.dspPortal.dspPortalTest@3ad83a66]" started-at="2025-07-01T15:36:27 WIB" name="normalLayananPage" finished-at="2025-07-01T15:36:28 WIB" duration-ms="1464" status="PASS">
          <reporter-output>
          </reporter-output>
        </test-method> <!-- normalLayananPage -->
        <test-method signature="normalSettlement()[pri:5, instance:tests.dspPortal.dspPortalTest@3ad83a66]" started-at="2025-07-01T15:36:28 WIB" name="normalSettlement" finished-at="2025-07-01T15:36:29 WIB" duration-ms="713" status="PASS">
          <reporter-output>
          </reporter-output>
        </test-method> <!-- normalSettlement -->
        <test-method is-config="true" signature="setStatus(java.lang.reflect.Method)[pri:0, instance:tests.dspPortal.dspPortalTest@3ad83a66]" started-at="2025-07-01T15:36:28 WIB" name="setStatus" finished-at="2025-07-01T15:36:28 WIB" duration-ms="0" status="PASS">
          <params>
            <param index="0">
              <value>
                <![CDATA[public void tests.dspPortal.dspPortalTest.normalSettlement()]]>
              </value>
            </param>
          </params>
          <reporter-output>
          </reporter-output>
        </test-method> <!-- setStatus -->
        <test-method signature="normalUsaha()[pri:7, instance:tests.dspPortal.dspPortalTest@3ad83a66]" started-at="2025-07-01T15:36:29 WIB" name="normalUsaha" finished-at="2025-07-01T15:36:44 WIB" duration-ms="15098" status="PASS">
          <reporter-output>
          </reporter-output>
        </test-method> <!-- normalUsaha -->
        <test-method is-config="true" signature="setStatus(java.lang.reflect.Method)[pri:0, instance:tests.dspPortal.dspPortalTest@3ad83a66]" started-at="2025-07-01T15:36:29 WIB" name="setStatus" finished-at="2025-07-01T15:36:29 WIB" duration-ms="0" status="PASS">
          <params>
            <param index="0">
              <value>
                <![CDATA[public void tests.dspPortal.dspPortalTest.normalUsaha()]]>
              </value>
            </param>
          </params>
          <reporter-output>
          </reporter-output>
        </test-method> <!-- setStatus -->
        <test-method signature="assertDetailAfterBuatMOS()[pri:8, instance:tests.dspPortal.dspPortalTest@3ad83a66]" started-at="2025-07-01T15:36:44 WIB" name="assertDetailAfterBuatMOS" finished-at="2025-07-01T15:36:49 WIB" duration-ms="5519" status="PASS">
          <reporter-output>
          </reporter-output>
        </test-method> <!-- assertDetailAfterBuatMOS -->
        <test-method is-config="true" signature="setStatus(java.lang.reflect.Method)[pri:0, instance:tests.dspPortal.dspPortalTest@3ad83a66]" started-at="2025-07-01T15:36:44 WIB" name="setStatus" finished-at="2025-07-01T15:36:44 WIB" duration-ms="0" status="PASS">
          <params>
            <param index="0">
              <value>
                <![CDATA[void tests.dspPortal.dspPortalTest.assertDetailAfterBuatMOS()]]>
              </value>
            </param>
          </params>
          <reporter-output>
          </reporter-output>
        </test-method> <!-- setStatus -->
        <test-method is-config="true" signature="setStatus(java.lang.reflect.Method)[pri:0, instance:tests.dspPortal.dspPortalTest@3ad83a66]" started-at="2025-07-01T15:36:49 WIB" name="setStatus" finished-at="2025-07-01T15:36:49 WIB" duration-ms="1" status="PASS">
          <params>
            <param index="0">
              <value>
                <![CDATA[void tests.dspPortal.dspPortalTest.assertEditPage() throws java.lang.InterruptedException]]>
              </value>
            </param>
          </params>
          <reporter-output>
          </reporter-output>
        </test-method> <!-- setStatus -->
        <test-method signature="assertEditPage()[pri:9, instance:tests.dspPortal.dspPortalTest@3ad83a66]" started-at="2025-07-01T15:36:49 WIB" name="assertEditPage" finished-at="2025-07-01T15:37:00 WIB" duration-ms="10532" status="PASS">
          <reporter-output>
          </reporter-output>
        </test-method> <!-- assertEditPage -->
        <test-method signature="assertScoringPageDataAndOption()[pri:10, instance:tests.dspPortal.dspPortalTest@3ad83a66]" started-at="2025-07-01T15:37:00 WIB" name="assertScoringPageDataAndOption" finished-at="2025-07-01T15:37:39 WIB" duration-ms="39054" status="PASS">
          <reporter-output>
          </reporter-output>
        </test-method> <!-- assertScoringPageDataAndOption -->
        <test-method is-config="true" signature="setStatus(java.lang.reflect.Method)[pri:0, instance:tests.dspPortal.dspPortalTest@3ad83a66]" started-at="2025-07-01T15:37:00 WIB" name="setStatus" finished-at="2025-07-01T15:37:00 WIB" duration-ms="0" status="PASS">
          <params>
            <param index="0">
              <value>
                <![CDATA[public void tests.dspPortal.dspPortalTest.assertScoringPageDataAndOption()]]>
              </value>
            </param>
          </params>
          <reporter-output>
          </reporter-output>
        </test-method> <!-- setStatus -->
        <test-method signature="normalScoring()[pri:11, instance:tests.dspPortal.dspPortalTest@3ad83a66]" started-at="2025-07-01T15:37:39 WIB" name="normalScoring" finished-at="2025-07-01T15:37:52 WIB" duration-ms="13014" status="PASS">
          <reporter-output>
          </reporter-output>
        </test-method> <!-- normalScoring -->
        <test-method is-config="true" signature="setStatus(java.lang.reflect.Method)[pri:0, instance:tests.dspPortal.dspPortalTest@3ad83a66]" started-at="2025-07-01T15:37:39 WIB" name="setStatus" finished-at="2025-07-01T15:37:39 WIB" duration-ms="0" status="PASS">
          <params>
            <param index="0">
              <value>
                <![CDATA[public void tests.dspPortal.dspPortalTest.normalScoring()]]>
              </value>
            </param>
          </params>
          <reporter-output>
          </reporter-output>
        </test-method> <!-- setStatus -->
        <test-method signature="normalLoginDeptHead()[pri:12, instance:tests.dspPortal.dspPortalTest@3ad83a66]" started-at="2025-07-01T15:37:52 WIB" name="normalLoginDeptHead" finished-at="2025-07-01T15:37:52 WIB" duration-ms="198" status="PASS">
          <reporter-output>
          </reporter-output>
        </test-method> <!-- normalLoginDeptHead -->
        <test-method is-config="true" signature="setStatus(java.lang.reflect.Method)[pri:0, instance:tests.dspPortal.dspPortalTest@3ad83a66]" started-at="2025-07-01T15:37:52 WIB" name="setStatus" finished-at="2025-07-01T15:37:52 WIB" duration-ms="0" status="PASS">
          <params>
            <param index="0">
              <value>
                <![CDATA[public void tests.dspPortal.dspPortalTest.normalLoginDeptHead()]]>
              </value>
            </param>
          </params>
          <reporter-output>
          </reporter-output>
        </test-method> <!-- setStatus -->
        <test-method signature="normalApproving()[pri:13, instance:tests.dspPortal.dspPortalTest@3ad83a66]" started-at="2025-07-01T15:37:52 WIB" name="normalApproving" finished-at="2025-07-01T15:38:17 WIB" duration-ms="24326" status="PASS">
          <reporter-output>
          </reporter-output>
        </test-method> <!-- normalApproving -->
        <test-method is-config="true" signature="setStatus(java.lang.reflect.Method)[pri:0, instance:tests.dspPortal.dspPortalTest@3ad83a66]" started-at="2025-07-01T15:37:52 WIB" name="setStatus" finished-at="2025-07-01T15:37:52 WIB" duration-ms="0" status="PASS">
          <params>
            <param index="0">
              <value>
                <![CDATA[public void tests.dspPortal.dspPortalTest.normalApproving()]]>
              </value>
            </param>
          </params>
          <reporter-output>
          </reporter-output>
        </test-method> <!-- setStatus -->
        <test-method is-config="true" signature="setStatus(java.lang.reflect.Method)[pri:0, instance:tests.dspPortal.dspPortalTest@3ad83a66]" started-at="2025-07-01T15:38:17 WIB" name="setStatus" finished-at="2025-07-01T15:38:17 WIB" duration-ms="0" status="PASS">
          <params>
            <param index="0">
              <value>
                <![CDATA[void tests.dspPortal.dspPortalTest.assertDetailAfterApproval()]]>
              </value>
            </param>
          </params>
          <reporter-output>
          </reporter-output>
        </test-method> <!-- setStatus -->
        <test-method signature="assertDetailAfterApproval()[pri:14, instance:tests.dspPortal.dspPortalTest@3ad83a66]" started-at="2025-07-01T15:38:17 WIB" name="assertDetailAfterApproval" finished-at="2025-07-01T15:38:20 WIB" duration-ms="3526" status="PASS">
          <reporter-output>
          </reporter-output>
        </test-method> <!-- assertDetailAfterApproval -->
        <test-method is-config="true" signature="setStatus(java.lang.reflect.Method)[pri:0, instance:tests.dspPortal.dspPortalTest@3ad83a66]" started-at="2025-07-01T15:38:20 WIB" name="setStatus" finished-at="2025-07-01T15:38:20 WIB" duration-ms="1" status="PASS">
          <params>
            <param index="0">
              <value>
                <![CDATA[void tests.dspPortal.dspPortalTest.checkingCMS()]]>
              </value>
            </param>
          </params>
          <reporter-output>
          </reporter-output>
        </test-method> <!-- setStatus -->
        <test-method signature="checkingCMS()[pri:14, instance:tests.dspPortal.dspPortalTest@3ad83a66]" started-at="2025-07-01T15:38:20 WIB" name="checkingCMS" finished-at="2025-07-01T15:38:31 WIB" duration-ms="10761" status="PASS">
          <reporter-output>
          </reporter-output>
        </test-method> <!-- checkingCMS -->
        <test-method is-config="true" signature="tearDown()[pri:0, instance:tests.dspPortal.dspPortalTest@3ad83a66]" started-at="2025-07-01T15:38:31 WIB" name="tearDown" finished-at="2025-07-01T15:38:31 WIB" duration-ms="0" status="PASS">
          <reporter-output>
          </reporter-output>
        </test-method> <!-- tearDown -->
      </class> <!-- tests.dspPortal.dspPortalTest -->
    </test> <!-- DSP Portal Test -->
  </suite> <!-- Web Testing -->
</testng-results>
