<?xml version="1.0" encoding="UTF-8"?>
<testng-results ignored="0" total="2" passed="2" failed="0" skipped="0">
  <reporter-output>
  </reporter-output>
  <suite started-at="2025-06-17T17:07:07 WIB" name="Web Testing" finished-at="2025-06-17T17:07:19 WIB" duration-ms="11822">
    <groups>
    </groups>
    <test started-at="2025-06-17T17:07:07 WIB" name="DSP Portal Test" finished-at="2025-06-17T17:07:19 WIB" duration-ms="11822">
      <class name="tests.dspPortal.dspPortalTest">
        <test-method is-config="true" signature="setEnvironment()[pri:0, instance:tests.dspPortal.dspPortalTest@61c4eee0]" started-at="2025-06-17T17:07:07 WIB" name="setEnvironment" finished-at="2025-06-17T17:07:09 WIB" duration-ms="1080" status="PASS">
          <reporter-output>
          </reporter-output>
        </test-method> <!-- setEnvironment -->
        <test-method signature="loginTest()[pri:0, instance:tests.dspPortal.dspPortalTest@61c4eee0]" started-at="2025-06-17T17:07:09 WIB" name="loginTest" finished-at="2025-06-17T17:07:10 WIB" duration-ms="1561" status="PASS">
          <reporter-output>
          </reporter-output>
        </test-method> <!-- loginTest -->
        <test-method signature="fdmNormalTest()[pri:0, instance:tests.dspPortal.dspPortalTest@61c4eee0]" started-at="2025-06-17T17:07:10 WIB" name="fdmNormalTest" finished-at="2025-06-17T17:07:19 WIB" depends-on-methods="tests.dspPortal.dspPortalTest.loginTest" duration-ms="9065" status="PASS">
          <reporter-output>
          </reporter-output>
        </test-method> <!-- fdmNormalTest -->
        <test-method is-config="true" signature="tearDown()[pri:0, instance:tests.dspPortal.dspPortalTest@61c4eee0]" started-at="2025-06-17T17:07:19 WIB" name="tearDown" finished-at="2025-06-17T17:07:19 WIB" duration-ms="0" status="PASS">
          <reporter-output>
          </reporter-output>
        </test-method> <!-- tearDown -->
      </class> <!-- tests.dspPortal.dspPortalTest -->
    </test> <!-- DSP Portal Test -->
  </suite> <!-- Web Testing -->
</testng-results>
