<?xml version="1.0" encoding="UTF-8"?>
<testsuite xmlns:xsi="http://www.w3.org/2001/XMLSchema-instance" xsi:noNamespaceSchemaLocation="https://maven.apache.org/surefire/maven-surefire-plugin/xsd/surefire-test-report-3.0.xsd" version="3.0" name="TestSuite" time="37.749" tests="5" errors="0" skipped="0" failures="1">
  <properties>
[...]
</properties>
  <testcase name="normalFdmPage" classname="tests.dspPortal.dspPortalTest" time="3.738">
    <system-out><![CDATA[Akan menjalankan test: normalFdmPage
BCAS
]]></system-out>
    <system-err><![CDATA[SLF4J: Failed to load class "org.slf4j.impl.StaticLoggerBinder".
SLF4J: Defaulting to no-operation (NOP) logger implementation
SLF4J: See http://www.slf4j.org/codes.html#StaticLoggerBinder for further details.
]]></system-err>
  </testcase>
  <testcase name="normalLayananPage" classname="tests.dspPortal.dspPortalTest" time="1.52">
    <system-out><![CDATA[Akan menjalankan test: normalLayananPage
]]></system-out>
  </testcase>
  <testcase name="normalSettlement" classname="tests.dspPortal.dspPortalTest" time="0.652">
    <system-out><![CDATA[Akan menjalankan test: normalSettlement
]]></system-out>
  </testcase>
  <testcase name="normalUsaha" classname="tests.dspPortal.dspPortalTest" time="15.209">
    <system-out><![CDATA[Akan menjalankan test: normalUsaha
]]></system-out>
  </testcase>
  <testcase name="assertDetailAfterBuatMOS" classname="tests.dspPortal.dspPortalTest" time="8.575">
    <failure message="The following asserts failed:&#10;	expected [Saimen Test Nama Merchant] but found [Saimen Test Nama Merchant TNWE],&#10;	expected [Saimen Test PIC Usaha] but found [Saimen Test PIC Usaha TNWE]" type="java.lang.AssertionError"><![CDATA[java.lang.AssertionError: 
The following asserts failed:
	expected [Saimen Test Nama Merchant] but found [Saimen Test Nama Merchant TNWE],
	expected [Saimen Test PIC Usaha] but found [Saimen Test PIC Usaha TNWE]
	at org.testng.asserts.SoftAssert.assertAll(SoftAssert.java:46)
	at org.testng.asserts.SoftAssert.assertAll(SoftAssert.java:30)
	at tests.dspPortal.dspPortalTest.assertDetailAfterBuatMOS(dspPortalTest.java:206)
	at java.base/jdk.internal.reflect.DirectMethodHandleAccessor.invoke(DirectMethodHandleAccessor.java:103)
	at java.base/java.lang.reflect.Method.invoke(Method.java:580)
	at org.testng.internal.invokers.MethodInvocationHelper.invokeMethod(MethodInvocationHelper.java:141)
	at org.testng.internal.invokers.TestInvoker.invokeMethod(TestInvoker.java:686)
	at org.testng.internal.invokers.TestInvoker.invokeTestMethod(TestInvoker.java:230)
	at org.testng.internal.invokers.MethodRunner.runInSequence(MethodRunner.java:63)
	at org.testng.internal.invokers.TestInvoker$MethodInvocationAgent.invoke(TestInvoker.java:992)
	at org.testng.internal.invokers.TestInvoker.invokeTestMethods(TestInvoker.java:203)
	at org.testng.internal.invokers.TestMethodWorker.invokeTestMethods(TestMethodWorker.java:154)
	at org.testng.internal.invokers.TestMethodWorker.run(TestMethodWorker.java:134)
	at java.base/java.util.ArrayList.forEach(ArrayList.java:1597)
	at org.testng.TestRunner.privateRun(TestRunner.java:739)
	at org.testng.TestRunner.run(TestRunner.java:614)
	at org.testng.SuiteRunner.runTest(SuiteRunner.java:421)
	at org.testng.SuiteRunner.runSequentially(SuiteRunner.java:413)
	at org.testng.SuiteRunner.privateRun(SuiteRunner.java:373)
	at org.testng.SuiteRunner.run(SuiteRunner.java:312)
	at org.testng.SuiteRunnerWorker.runSuite(SuiteRunnerWorker.java:52)
	at org.testng.SuiteRunnerWorker.run(SuiteRunnerWorker.java:95)
	at org.testng.TestNG.runSuitesSequentially(TestNG.java:1274)
	at org.testng.TestNG.runSuitesLocally(TestNG.java:1208)
	at org.testng.TestNG.runSuites(TestNG.java:1112)
	at org.testng.TestNG.run(TestNG.java:1079)
	at org.apache.maven.surefire.testng.TestNGExecutor.run(TestNGExecutor.java:308)
	at org.apache.maven.surefire.testng.TestNGXmlTestSuite.execute(TestNGXmlTestSuite.java:71)
	at org.apache.maven.surefire.testng.TestNGProvider.invoke(TestNGProvider.java:113)
	at org.apache.maven.surefire.booter.ForkedBooter.runSuitesInProcess(ForkedBooter.java:385)
	at org.apache.maven.surefire.booter.ForkedBooter.execute(ForkedBooter.java:162)
	at org.apache.maven.surefire.booter.ForkedBooter.run(ForkedBooter.java:507)
	at org.apache.maven.surefire.booter.ForkedBooter.main(ForkedBooter.java:495)
]]></failure>
    <system-out><![CDATA[Akan menjalankan test: assertDetailAfterBuatMOS
Kolom ke - 1
]]></system-out>
  </testcase>
</testsuite>